{"level":"error","message":"💔 No se logro la conexion a la db 💔:Invalid scheme, expected connection string to start with \"mongodb://\" or \"mongodb+srv://\"","timestamp":"27-10-2023 15:57:36"}
{"level":"error","message":"Intentando la conexion en 20 segundos","timestamp":"27-10-2023 15:57:36"}
{
  message: '💔 No se logro la conexion a la db 💔:The `uri` parameter to `openUri()` must be a string, got "undefined". Make sure the first parameter to `mongoose.connect()` or `mongoose.createConnection()` is a string.',
  level: 'error',
  timestamp: '05-11-2023 05:05:24'
}
{
  message: 'Intentando la conexion en 20 segundos',
  level: 'error',
  timestamp: '05-11-2023 05:05:24'
}
{
  message: '💔 No se logro la conexion a la db 💔:The `uri` parameter to `openUri()` must be a string, got "undefined". Make sure the first parameter to `mongoose.connect()` or `mongoose.createConnection()` is a string.',
  level: 'error',
  timestamp: '05-11-2023 05:05:44'
}
{
  message: 'Intentando la conexion en 20 segundos',
  level: 'error',
  timestamp: '05-11-2023 05:05:44'
}
{
  message: '💔 No se logro la conexion a la db 💔:The `uri` parameter to `openUri()` must be a string, got "undefined". Make sure the first parameter to `mongoose.connect()` or `mongoose.createConnection()` is a string.',
  level: 'error',
  timestamp: '05-11-2023 05:06:04'
}
{
  message: 'Intentando la conexion en 20 segundos',
  level: 'error',
  timestamp: '05-11-2023 05:06:04'
}
{
  message: '💔 No se logro la conexion a la db 💔:The `uri` parameter to `openUri()` must be a string, got "undefined". Make sure the first parameter to `mongoose.connect()` or `mongoose.createConnection()` is a string.',
  level: 'error',
  timestamp: '05-11-2023 05:06:24'
}
{
  message: 'Intentando la conexion en 20 segundos',
  level: 'error',
  timestamp: '05-11-2023 05:06:24'
}
{
  message: '💔 No se logro la conexion a la db 💔:The `uri` parameter to `openUri()` must be a string, got "undefined". Make sure the first parameter to `mongoose.connect()` or `mongoose.createConnection()` is a string.',
  level: 'error',
  timestamp: '05-11-2023 05:06:44'
}
{
  message: 'Intentando la conexion en 20 segundos',
  level: 'error',
  timestamp: '05-11-2023 05:06:44'
}
{
  message: '💔 No se logro la conexion a la db 💔:The `uri` parameter to `openUri()` must be a string, got "undefined". Make sure the first parameter to `mongoose.connect()` or `mongoose.createConnection()` is a string.',
  level: 'error',
  timestamp: '05-11-2023 05:07:04'
}
{
  message: 'Intentando la conexion en 20 segundos',
  level: 'error',
  timestamp: '05-11-2023 05:07:04'
}
{
  message: '💔 No se logro la conexion a la db 💔:The `uri` parameter to `openUri()` must be a string, got "undefined". Make sure the first parameter to `mongoose.connect()` or `mongoose.createConnection()` is a string.',
  level: 'error',
  timestamp: '05-11-2023 05:07:24'
}
{
  message: 'Intentando la conexion en 20 segundos',
  level: 'error',
  timestamp: '05-11-2023 05:07:24'
}
{
  message: '💔 No se logro la conexion a la db 💔:The `uri` parameter to `openUri()` must be a string, got "undefined". Make sure the first parameter to `mongoose.connect()` or `mongoose.createConnection()` is a string.',
  level: 'error',
  timestamp: '05-11-2023 05:07:44'
}
{
  message: 'Intentando la conexion en 20 segundos',
  level: 'error',
  timestamp: '05-11-2023 05:07:44'
}
{
  message: '💔 No se logro la conexion a la db 💔:The `uri` parameter to `openUri()` must be a string, got "undefined". Make sure the first parameter to `mongoose.connect()` or `mongoose.createConnection()` is a string.',
  level: 'error',
  timestamp: '05-11-2023 05:08:04'
}
{
  message: 'Intentando la conexion en 20 segundos',
  level: 'error',
  timestamp: '05-11-2023 05:08:04'
}
{
  message: '💔 No se logro la conexion a la db 💔:The `uri` parameter to `openUri()` must be a string, got "undefined". Make sure the first parameter to `mongoose.connect()` or `mongoose.createConnection()` is a string.',
  level: 'error',
  timestamp: '05-11-2023 05:08:24'
}
{
  message: 'Intentando la conexion en 20 segundos',
  level: 'error',
  timestamp: '05-11-2023 05:08:24'
}
{
  message: '💔 No se logro la conexion a la db 💔:The `uri` parameter to `openUri()` must be a string, got "undefined". Make sure the first parameter to `mongoose.connect()` or `mongoose.createConnection()` is a string.',
  level: 'error',
  timestamp: '05-11-2023 05:08:44'
}
{
  message: 'Intentando la conexion en 20 segundos',
  level: 'error',
  timestamp: '05-11-2023 05:08:44'
}
{
  message: '💔 No se logro la conexion a la db 💔:The `uri` parameter to `openUri()` must be a string, got "undefined". Make sure the first parameter to `mongoose.connect()` or `mongoose.createConnection()` is a string.',
  level: 'error',
  timestamp: '05-11-2023 05:09:04'
}
{
  message: 'Intentando la conexion en 20 segundos',
  level: 'error',
  timestamp: '05-11-2023 05:09:04'
}
{
  message: '💔 No se logro la conexion a la db 💔:The `uri` parameter to `openUri()` must be a string, got "undefined". Make sure the first parameter to `mongoose.connect()` or `mongoose.createConnection()` is a string.',
  level: 'error',
  timestamp: '05-11-2023 05:09:24'
}
{
  message: 'Intentando la conexion en 20 segundos',
  level: 'error',
  timestamp: '05-11-2023 05:09:24'
}
{
  message: '💔 No se logro la conexion a la db 💔:The `uri` parameter to `openUri()` must be a string, got "undefined". Make sure the first parameter to `mongoose.connect()` or `mongoose.createConnection()` is a string.',
  level: 'error',
  timestamp: '05-11-2023 05:09:44'
}
{
  message: 'Intentando la conexion en 20 segundos',
  level: 'error',
  timestamp: '05-11-2023 05:09:44'
}
{
  message: '💔 No se logro la conexion a la db 💔:The `uri` parameter to `openUri()` must be a string, got "undefined". Make sure the first parameter to `mongoose.connect()` or `mongoose.createConnection()` is a string.',
  level: 'error',
  timestamp: '05-11-2023 05:10:04'
}
{
  message: 'Intentando la conexion en 20 segundos',
  level: 'error',
  timestamp: '05-11-2023 05:10:04'
}
{
  message: '💔 No se logro la conexion a la db 💔:The `uri` parameter to `openUri()` must be a string, got "undefined". Make sure the first parameter to `mongoose.connect()` or `mongoose.createConnection()` is a string.',
  level: 'error',
  timestamp: '05-11-2023 05:10:24'
}
{
  message: 'Intentando la conexion en 20 segundos',
  level: 'error',
  timestamp: '05-11-2023 05:10:24'
}
{
  message: '💔 No se logro la conexion a la db 💔:The `uri` parameter to `openUri()` must be a string, got "undefined". Make sure the first parameter to `mongoose.connect()` or `mongoose.createConnection()` is a string.',
  level: 'error',
  timestamp: '05-11-2023 05:10:44'
}
{
  message: 'Intentando la conexion en 20 segundos',
  level: 'error',
  timestamp: '05-11-2023 05:10:44'
}
{
  message: '💔 No se logro la conexion a la db 💔:The `uri` parameter to `openUri()` must be a string, got "undefined". Make sure the first parameter to `mongoose.connect()` or `mongoose.createConnection()` is a string.',
  level: 'error',
  timestamp: '05-11-2023 05:11:04'
}
{
  message: 'Intentando la conexion en 20 segundos',
  level: 'error',
  timestamp: '05-11-2023 05:11:04'
}
{
  message: '💔 No se logro la conexion a la db 💔:The `uri` parameter to `openUri()` must be a string, got "undefined". Make sure the first parameter to `mongoose.connect()` or `mongoose.createConnection()` is a string.',
  level: 'error',
  timestamp: '05-11-2023 05:11:24'
}
{
  message: 'Intentando la conexion en 20 segundos',
  level: 'error',
  timestamp: '05-11-2023 05:11:24'
}
{
  message: '💔 No se logro la conexion a la db 💔:The `uri` parameter to `openUri()` must be a string, got "undefined". Make sure the first parameter to `mongoose.connect()` or `mongoose.createConnection()` is a string.',
  level: 'error',
  timestamp: '05-11-2023 05:11:44'
}
{
  message: 'Intentando la conexion en 20 segundos',
  level: 'error',
  timestamp: '05-11-2023 05:11:44'
}
{
  message: '💔 No se logro la conexion a la db 💔:The `uri` parameter to `openUri()` must be a string, got "undefined". Make sure the first parameter to `mongoose.connect()` or `mongoose.createConnection()` is a string.',
  level: 'error',
  timestamp: '05-11-2023 05:20:03'
}
{
  message: 'Intentando la conexion en 20 segundos',
  level: 'error',
  timestamp: '05-11-2023 05:20:03'
}
{
  message: '💔 No se logro la conexion a la db 💔:The `uri` parameter to `openUri()` must be a string, got "undefined". Make sure the first parameter to `mongoose.connect()` or `mongoose.createConnection()` is a string.',
  level: 'error',
  timestamp: '05-11-2023 05:20:23'
}
{
  message: 'Intentando la conexion en 20 segundos',
  level: 'error',
  timestamp: '05-11-2023 05:20:23'
}
{
  message: '💔 No se logro la conexion a la db 💔:The `uri` parameter to `openUri()` must be a string, got "undefined". Make sure the first parameter to `mongoose.connect()` or `mongoose.createConnection()` is a string.',
  level: 'error',
  timestamp: '05-11-2023 05:20:43'
}
{
  message: 'Intentando la conexion en 20 segundos',
  level: 'error',
  timestamp: '05-11-2023 05:20:43'
}
{
  message: '💔 No se logro la conexion a la db 💔:The `uri` parameter to `openUri()` must be a string, got "undefined". Make sure the first parameter to `mongoose.connect()` or `mongoose.createConnection()` is a string.',
  level: 'error',
  timestamp: '05-11-2023 05:21:03'
}
{
  message: 'Intentando la conexion en 20 segundos',
  level: 'error',
  timestamp: '05-11-2023 05:21:03'
}
{
  message: '💔 No se logro la conexion a la db 💔:The `uri` parameter to `openUri()` must be a string, got "undefined". Make sure the first parameter to `mongoose.connect()` or `mongoose.createConnection()` is a string.',
  level: 'error',
  timestamp: '05-11-2023 05:21:23'
}
{
  message: 'Intentando la conexion en 20 segundos',
  level: 'error',
  timestamp: '05-11-2023 05:21:23'
}
{
  message: '💔 No se logro la conexion a la db 💔:The `uri` parameter to `openUri()` must be a string, got "undefined". Make sure the first parameter to `mongoose.connect()` or `mongoose.createConnection()` is a string.',
  level: 'error',
  timestamp: '05-11-2023 05:21:43'
}
{
  message: 'Intentando la conexion en 20 segundos',
  level: 'error',
  timestamp: '05-11-2023 05:21:43'
}
{
  message: '💔 No se logro la conexion a la db 💔:The `uri` parameter to `openUri()` must be a string, got "undefined". Make sure the first parameter to `mongoose.connect()` or `mongoose.createConnection()` is a string.',
  level: 'error',
  timestamp: '05-11-2023 05:22:03'
}
{
  message: 'Intentando la conexion en 20 segundos',
  level: 'error',
  timestamp: '05-11-2023 05:22:03'
}
{
  message: '💔 No se logro la conexion a la db 💔:The `uri` parameter to `openUri()` must be a string, got "undefined". Make sure the first parameter to `mongoose.connect()` or `mongoose.createConnection()` is a string.',
  level: 'error',
  timestamp: '05-11-2023 05:22:23'
}
{
  message: 'Intentando la conexion en 20 segundos',
  level: 'error',
  timestamp: '05-11-2023 05:22:23'
}
{
  message: '💔 No se logro la conexion a la db 💔:The `uri` parameter to `openUri()` must be a string, got "undefined". Make sure the first parameter to `mongoose.connect()` or `mongoose.createConnection()` is a string.',
  level: 'error',
  timestamp: '05-11-2023 05:22:43'
}
{
  message: 'Intentando la conexion en 20 segundos',
  level: 'error',
  timestamp: '05-11-2023 05:22:43'
}
{
  message: '💔 No se logro la conexion a la db 💔:The `uri` parameter to `openUri()` must be a string, got "undefined". Make sure the first parameter to `mongoose.connect()` or `mongoose.createConnection()` is a string.',
  level: 'error',
  timestamp: '05-11-2023 05:23:03'
}
{
  message: 'Intentando la conexion en 20 segundos',
  level: 'error',
  timestamp: '05-11-2023 05:23:03'
}
{
  message: '💔 No se logro la conexion a la db 💔:The `uri` parameter to `openUri()` must be a string, got "undefined". Make sure the first parameter to `mongoose.connect()` or `mongoose.createConnection()` is a string.',
  level: 'error',
  timestamp: '05-11-2023 05:23:12'
}
{
  message: 'Intentando la conexion en 20 segundos',
  level: 'error',
  timestamp: '05-11-2023 05:23:12'
}
{
  message: '💔 No se logro la conexion a la db 💔:The `uri` parameter to `openUri()` must be a string, got "undefined". Make sure the first parameter to `mongoose.connect()` or `mongoose.createConnection()` is a string.',
  level: 'error',
  timestamp: '05-11-2023 05:23:32'
}
{
  message: 'Intentando la conexion en 20 segundos',
  level: 'error',
  timestamp: '05-11-2023 05:23:32'
}
{
  message: '💔 No se logro la conexion a la db 💔:The `uri` parameter to `openUri()` must be a string, got "undefined". Make sure the first parameter to `mongoose.connect()` or `mongoose.createConnection()` is a string.',
  level: 'error',
  timestamp: '05-11-2023 05:23:52'
}
{
  message: 'Intentando la conexion en 20 segundos',
  level: 'error',
  timestamp: '05-11-2023 05:23:52'
}
{
  message: '💔 No se logro la conexion a la db 💔:The `uri` parameter to `openUri()` must be a string, got "undefined". Make sure the first parameter to `mongoose.connect()` or `mongoose.createConnection()` is a string.',
  level: 'error',
  timestamp: '05-11-2023 05:24:12'
}
{
  message: 'Intentando la conexion en 20 segundos',
  level: 'error',
  timestamp: '05-11-2023 05:24:12'
}
{
  message: '💔 No se logro la conexion a la db 💔:The `uri` parameter to `openUri()` must be a string, got "undefined". Make sure the first parameter to `mongoose.connect()` or `mongoose.createConnection()` is a string.',
  level: 'error',
  timestamp: '05-11-2023 05:24:32'
}
{
  message: 'Intentando la conexion en 20 segundos',
  level: 'error',
  timestamp: '05-11-2023 05:24:32'
}
{
  message: '💔 No se logro la conexion a la db 💔:The `uri` parameter to `openUri()` must be a string, got "undefined". Make sure the first parameter to `mongoose.connect()` or `mongoose.createConnection()` is a string.',
  level: 'error',
  timestamp: '05-11-2023 05:24:52'
}
{
  message: 'Intentando la conexion en 20 segundos',
  level: 'error',
  timestamp: '05-11-2023 05:24:52'
}
{
  message: '💔 No se logro la conexion a la db 💔:The `uri` parameter to `openUri()` must be a string, got "undefined". Make sure the first parameter to `mongoose.connect()` or `mongoose.createConnection()` is a string.',
  level: 'error',
  timestamp: '05-11-2023 05:25:12'
}
{
  message: 'Intentando la conexion en 20 segundos',
  level: 'error',
  timestamp: '05-11-2023 05:25:12'
}
{
  message: '💔 No se logro la conexion a la db 💔:The `uri` parameter to `openUri()` must be a string, got "undefined". Make sure the first parameter to `mongoose.connect()` or `mongoose.createConnection()` is a string.',
  level: 'error',
  timestamp: '05-11-2023 05:25:32'
}
{
  message: 'Intentando la conexion en 20 segundos',
  level: 'error',
  timestamp: '05-11-2023 05:25:32'
}
{
  message: '💔 No se logro la conexion a la db 💔:The `uri` parameter to `openUri()` must be a string, got "undefined". Make sure the first parameter to `mongoose.connect()` or `mongoose.createConnection()` is a string.',
  level: 'error',
  timestamp: '05-11-2023 05:25:52'
}
{
  message: 'Intentando la conexion en 20 segundos',
  level: 'error',
  timestamp: '05-11-2023 05:25:52'
}
{
  message: '💔 No se logro la conexion a la db 💔:The `uri` parameter to `openUri()` must be a string, got "undefined". Make sure the first parameter to `mongoose.connect()` or `mongoose.createConnection()` is a string.',
  level: 'error',
  timestamp: '05-11-2023 05:26:12'
}
{
  message: 'Intentando la conexion en 20 segundos',
  level: 'error',
  timestamp: '05-11-2023 05:26:12'
}
{
  message: '💔 No se logro la conexion a la db 💔:The `uri` parameter to `openUri()` must be a string, got "undefined". Make sure the first parameter to `mongoose.connect()` or `mongoose.createConnection()` is a string.',
  level: 'error',
  timestamp: '05-11-2023 05:26:32'
}
{
  message: 'Intentando la conexion en 20 segundos',
  level: 'error',
  timestamp: '05-11-2023 05:26:32'
}
{
  message: '💔 No se logro la conexion a la db 💔:The `uri` parameter to `openUri()` must be a string, got "undefined". Make sure the first parameter to `mongoose.connect()` or `mongoose.createConnection()` is a string.',
  level: 'error',
  timestamp: '05-11-2023 05:26:52'
}
{
  message: 'Intentando la conexion en 20 segundos',
  level: 'error',
  timestamp: '05-11-2023 05:26:52'
}
{
  message: '💔 No se logro la conexion a la db 💔:The `uri` parameter to `openUri()` must be a string, got "undefined". Make sure the first parameter to `mongoose.connect()` or `mongoose.createConnection()` is a string.',
  level: 'error',
  timestamp: '05-11-2023 05:27:12'
}
{
  message: 'Intentando la conexion en 20 segundos',
  level: 'error',
  timestamp: '05-11-2023 05:27:12'
}
{
  message: '💔 No se logro la conexion a la db 💔:The `uri` parameter to `openUri()` must be a string, got "undefined". Make sure the first parameter to `mongoose.connect()` or `mongoose.createConnection()` is a string.',
  level: 'error',
  timestamp: '05-11-2023 05:27:32'
}
{
  message: 'Intentando la conexion en 20 segundos',
  level: 'error',
  timestamp: '05-11-2023 05:27:32'
}
{
  message: '💔 No se logro la conexion a la db 💔:The `uri` parameter to `openUri()` must be a string, got "undefined". Make sure the first parameter to `mongoose.connect()` or `mongoose.createConnection()` is a string.',
  level: 'error',
  timestamp: '05-11-2023 05:27:52'
}
{
  message: 'Intentando la conexion en 20 segundos',
  level: 'error',
  timestamp: '05-11-2023 05:27:52'
}
{
  message: '💔 No se logro la conexion a la db 💔:The `uri` parameter to `openUri()` must be a string, got "undefined". Make sure the first parameter to `mongoose.connect()` or `mongoose.createConnection()` is a string.',
  level: 'error',
  timestamp: '05-11-2023 05:28:03'
}
{
  message: 'Intentando la conexion en 20 segundos',
  level: 'error',
  timestamp: '05-11-2023 05:28:03'
}
{
  message: '💔 No se logro la conexion a la db 💔:The `uri` parameter to `openUri()` must be a string, got "undefined". Make sure the first parameter to `mongoose.connect()` or `mongoose.createConnection()` is a string.',
  level: 'error',
  timestamp: '05-11-2023 05:28:23'
}
{
  message: 'Intentando la conexion en 20 segundos',
  level: 'error',
  timestamp: '05-11-2023 05:28:23'
}
{
  message: '💔 No se logro la conexion a la db 💔:The `uri` parameter to `openUri()` must be a string, got "undefined". Make sure the first parameter to `mongoose.connect()` or `mongoose.createConnection()` is a string.',
  level: 'error',
  timestamp: '05-11-2023 05:28:43'
}
{
  message: 'Intentando la conexion en 20 segundos',
  level: 'error',
  timestamp: '05-11-2023 05:28:43'
}
{
  message: '💔 No se logro la conexion a la db 💔:The `uri` parameter to `openUri()` must be a string, got "undefined". Make sure the first parameter to `mongoose.connect()` or `mongoose.createConnection()` is a string.',
  level: 'error',
  timestamp: '05-11-2023 05:29:03'
}
{
  message: 'Intentando la conexion en 20 segundos',
  level: 'error',
  timestamp: '05-11-2023 05:29:03'
}
{
  message: '💔 No se logro la conexion a la db 💔:The `uri` parameter to `openUri()` must be a string, got "undefined". Make sure the first parameter to `mongoose.connect()` or `mongoose.createConnection()` is a string.',
  level: 'error',
  timestamp: '05-11-2023 05:29:23'
}
{
  message: 'Intentando la conexion en 20 segundos',
  level: 'error',
  timestamp: '05-11-2023 05:29:23'
}
{
  message: '💔 No se logro la conexion a la db 💔:The `uri` parameter to `openUri()` must be a string, got "undefined". Make sure the first parameter to `mongoose.connect()` or `mongoose.createConnection()` is a string.',
  level: 'error',
  timestamp: '05-11-2023 05:29:43'
}
{
  message: 'Intentando la conexion en 20 segundos',
  level: 'error',
  timestamp: '05-11-2023 05:29:43'
}
{
  message: '💔 No se logro la conexion a la db 💔:The `uri` parameter to `openUri()` must be a string, got "undefined". Make sure the first parameter to `mongoose.connect()` or `mongoose.createConnection()` is a string.',
  level: 'error',
  timestamp: '05-11-2023 05:30:03'
}
{
  message: 'Intentando la conexion en 20 segundos',
  level: 'error',
  timestamp: '05-11-2023 05:30:03'
}
{
  message: '💔 No se logro la conexion a la db 💔:The `uri` parameter to `openUri()` must be a string, got "undefined". Make sure the first parameter to `mongoose.connect()` or `mongoose.createConnection()` is a string.',
  level: 'error',
  timestamp: '05-11-2023 05:30:23'
}
{
  message: 'Intentando la conexion en 20 segundos',
  level: 'error',
  timestamp: '05-11-2023 05:30:23'
}
{
  message: '💔 No se logro la conexion a la db 💔:The `uri` parameter to `openUri()` must be a string, got "undefined". Make sure the first parameter to `mongoose.connect()` or `mongoose.createConnection()` is a string.',
  level: 'error',
  timestamp: '05-11-2023 05:30:43'
}
{
  message: 'Intentando la conexion en 20 segundos',
  level: 'error',
  timestamp: '05-11-2023 05:30:43'
}
{
  message: '💔 No se logro la conexion a la db 💔:The `uri` parameter to `openUri()` must be a string, got "undefined". Make sure the first parameter to `mongoose.connect()` or `mongoose.createConnection()` is a string.',
  level: 'error',
  timestamp: '05-11-2023 05:31:03'
}
{
  message: 'Intentando la conexion en 20 segundos',
  level: 'error',
  timestamp: '05-11-2023 05:31:03'
}
{
  message: '💔 No se logro la conexion a la db 💔:The `uri` parameter to `openUri()` must be a string, got "undefined". Make sure the first parameter to `mongoose.connect()` or `mongoose.createConnection()` is a string.',
  level: 'error',
  timestamp: '05-11-2023 05:31:23'
}
{
  message: 'Intentando la conexion en 20 segundos',
  level: 'error',
  timestamp: '05-11-2023 05:31:23'
}
{
  message: '💔 No se logro la conexion a la db 💔:The `uri` parameter to `openUri()` must be a string, got "undefined". Make sure the first parameter to `mongoose.connect()` or `mongoose.createConnection()` is a string.',
  level: 'error',
  timestamp: '05-11-2023 05:31:43'
}
{
  message: 'Intentando la conexion en 20 segundos',
  level: 'error',
  timestamp: '05-11-2023 05:31:43'
}
{
  message: '💔 No se logro la conexion a la db 💔:The `uri` parameter to `openUri()` must be a string, got "undefined". Make sure the first parameter to `mongoose.connect()` or `mongoose.createConnection()` is a string.',
  level: 'error',
  timestamp: '05-11-2023 05:32:03'
}
{
  message: 'Intentando la conexion en 20 segundos',
  level: 'error',
  timestamp: '05-11-2023 05:32:03'
}
{
  message: '💔 No se logro la conexion a la db 💔:The `uri` parameter to `openUri()` must be a string, got "undefined". Make sure the first parameter to `mongoose.connect()` or `mongoose.createConnection()` is a string.',
  level: 'error',
  timestamp: '05-11-2023 05:32:23'
}
{
  message: 'Intentando la conexion en 20 segundos',
  level: 'error',
  timestamp: '05-11-2023 05:32:23'
}
{
  message: '💔 No se logro la conexion a la db 💔:The `uri` parameter to `openUri()` must be a string, got "undefined". Make sure the first parameter to `mongoose.connect()` or `mongoose.createConnection()` is a string.',
  level: 'error',
  timestamp: '05-11-2023 05:32:43'
}
{
  message: 'Intentando la conexion en 20 segundos',
  level: 'error',
  timestamp: '05-11-2023 05:32:43'
}
{
  message: '💔 No se logro la conexion a la db 💔:The `uri` parameter to `openUri()` must be a string, got "undefined". Make sure the first parameter to `mongoose.connect()` or `mongoose.createConnection()` is a string.',
  level: 'error',
  timestamp: '05-11-2023 05:33:03'
}
{
  message: 'Intentando la conexion en 20 segundos',
  level: 'error',
  timestamp: '05-11-2023 05:33:03'
}
{
  message: '💔 No se logro la conexion a la db 💔:The `uri` parameter to `openUri()` must be a string, got "undefined". Make sure the first parameter to `mongoose.connect()` or `mongoose.createConnection()` is a string.',
  level: 'error',
  timestamp: '05-11-2023 05:33:23'
}
{
  message: 'Intentando la conexion en 20 segundos',
  level: 'error',
  timestamp: '05-11-2023 05:33:23'
}
{
  message: '💔 No se logro la conexion a la db 💔:The `uri` parameter to `openUri()` must be a string, got "undefined". Make sure the first parameter to `mongoose.connect()` or `mongoose.createConnection()` is a string.',
  level: 'error',
  timestamp: '05-11-2023 05:33:43'
}
{
  message: 'Intentando la conexion en 20 segundos',
  level: 'error',
  timestamp: '05-11-2023 05:33:43'
}
{
  message: '💔 No se logro la conexion a la db 💔:The `uri` parameter to `openUri()` must be a string, got "undefined". Make sure the first parameter to `mongoose.connect()` or `mongoose.createConnection()` is a string.',
  level: 'error',
  timestamp: '05-11-2023 05:34:03'
}
{
  message: 'Intentando la conexion en 20 segundos',
  level: 'error',
  timestamp: '05-11-2023 05:34:03'
}
{
  message: '💔 No se logro la conexion a la db 💔:The `uri` parameter to `openUri()` must be a string, got "undefined". Make sure the first parameter to `mongoose.connect()` or `mongoose.createConnection()` is a string.',
  level: 'error',
  timestamp: '05-11-2023 05:34:23'
}
{
  message: 'Intentando la conexion en 20 segundos',
  level: 'error',
  timestamp: '05-11-2023 05:34:23'
}
{
  message: 'Ocurre un error en: metodo "error" de project.controller',
  level: 'error',
  timestamp: '22-11-2023 16:03:48'
}
