{"level":"info","message":"The server is created from the express instance","timestamp":"09-10-2023 15:41:12"}
{"level":"info","message":"⭐⭐ Listening on undefined:3001 ⭐⭐","timestamp":"09-10-2023 15:41:12"}
{"level":"info","message":"GET / 200 94.181 ms - 254\n","timestamp":"09-10-2023 15:41:20"}
{"level":"info","message":"404 Pagina no encontrada GET /favicon.ico","timestamp":"09-10-2023 15:41:23"}
{"level":"info","message":"GET /favicon.ico 404 3.533 ms - 2089\n","timestamp":"09-10-2023 15:41:23"}
{"level":"info","message":"The server is created from the express instance","timestamp":"09-10-2023 16:05:42"}
{"level":"info","message":"⭐⭐ Listening on http://localhost:3000 ⭐⭐","timestamp":"09-10-2023 16:05:42"}
{"level":"info","message":"GET / 200 29.553 ms - 254\n","timestamp":"09-10-2023 16:05:58"}
{"level":"info","message":"404 Pagina no encontrada GET /favicon.ico","timestamp":"09-10-2023 16:06:06"}
{"level":"info","message":"GET /favicon.ico 404 4.764 ms - 2089\n","timestamp":"09-10-2023 16:06:06"}
{"level":"info","message":"GET / 200 2.623 ms - 606\n","timestamp":"09-10-2023 16:11:39"}
{"level":"info","message":"The server is created from the express instance","timestamp":"09-10-2023 16:18:31"}
{"level":"info","message":"⭐⭐ Listening on http://localhost:3000 ⭐⭐","timestamp":"09-10-2023 16:18:31"}
{"level":"info","message":"GET / 304 25.167 ms - -\n","timestamp":"09-10-2023 16:18:57"}
{"level":"info","message":"The server is created from the express instance","timestamp":"09-10-2023 16:28:44"}
{"level":"info","message":"⭐⭐ Listening on http://localhost:3000 ⭐⭐","timestamp":"09-10-2023 16:28:44"}
{"level":"info","message":"404 Pagina no encontrada GET /main.2f1bac419889932cfe9e.hot-update.json","timestamp":"09-10-2023 16:28:47"}
{"level":"info","message":"404 Pagina no encontrada GET /main.65c3988ad742c7c1845e.hot-update.json","timestamp":"09-10-2023 16:28:47"}
{"level":"info","message":"GET /main.2f1bac419889932cfe9e.hot-update.json 404 6.677 ms - 2089\n","timestamp":"09-10-2023 16:28:47"}
{"level":"info","message":"GET /main.65c3988ad742c7c1845e.hot-update.json 404 8.044 ms - 2089\n","timestamp":"09-10-2023 16:28:47"}
{"level":"info","message":"GET / 304 29.535 ms - -\n","timestamp":"09-10-2023 16:28:47"}
{"level":"info","message":"GET / 304 2.478 ms - -\n","timestamp":"09-10-2023 16:28:48"}
{"level":"info","message":"GET / 304 2.382 ms - -\n","timestamp":"09-10-2023 16:29:12"}
{"level":"info","message":"The server is created from the express instance","timestamp":"09-10-2023 16:53:55"}
{"level":"info","message":"⭐⭐ Listening on http://localhost:3000 ⭐⭐","timestamp":"09-10-2023 16:53:55"}
{"level":"info","message":"GET / 200 15.050 ms - 605\n","timestamp":"09-10-2023 16:54:52"}
{"level":"info","message":"The server is created from the express instance","timestamp":"10-10-2023 03:20:59"}
{"level":"info","message":"⭐⭐ Listening on http://localhost:3000 ⭐⭐","timestamp":"10-10-2023 03:20:59"}
{"level":"info","message":"GET / 200 15.482 ms - 673\n","timestamp":"10-10-2023 03:21:04"}
{"level":"info","message":"GET /favicon.png 200 31.394 ms - 1747\n","timestamp":"10-10-2023 03:21:06"}
{"level":"info","message":"The server is created from the express instance","timestamp":"18-10-2023 16:36:02"}
{"level":"info","message":"⭐⭐ Listening on http://localhost:3000 ⭐⭐","timestamp":"18-10-2023 16:36:02"}
{"level":"info","message":"GET / 200 20.142 ms - 1146\n","timestamp":"18-10-2023 16:36:08"}
{"level":"info","message":"GET /favicon.png 304 1.125 ms - -\n","timestamp":"18-10-2023 16:36:12"}
{"level":"info","message":"The server is created from the express instance","timestamp":"18-10-2023 17:23:07"}
{"level":"info","message":"⭐⭐ Listening on http://localhost:3000 ⭐⭐","timestamp":"18-10-2023 17:23:07"}
{"level":"info","message":"GET / 200 20.755 ms - 1142\n","timestamp":"18-10-2023 17:23:12"}
